mode: count
reminder/internal/models/note.go:23.42,23.59 1 0
reminder/internal/models/note.go:24.42,24.69 1 0
reminder/internal/models/note.go:25.42,25.84 1 0
reminder/internal/models/note.go:28.37,38.2 9 2
reminder/internal/models/note.go:41.65,49.2 7 1
reminder/internal/models/note.go:53.39,57.29 3 0
reminder/internal/models/note.go:62.2,68.39 5 0
reminder/internal/models/note.go:57.29,59.3 1 0
reminder/internal/models/note.go:59.8,61.3 1 0
reminder/internal/models/note.go:72.73,75.38 3 15
reminder/internal/models/note.go:85.2,85.31 1 15
reminder/internal/models/note.go:75.38,77.22 2 3
reminder/internal/models/note.go:77.22,78.31 1 3
reminder/internal/models/note.go:78.31,80.5 1 8
reminder/internal/models/note.go:82.8,84.3 1 12
reminder/internal/models/note.go:89.59,91.29 2 0
reminder/internal/models/note.go:101.2,101.18 1 0
reminder/internal/models/note.go:91.29,93.22 2 0
reminder/internal/models/note.go:98.3,99.43 2 0
reminder/internal/models/note.go:93.22,94.36 1 0
reminder/internal/models/note.go:94.36,96.5 1 0
reminder/internal/models/note.go:105.61,107.29 2 0
reminder/internal/models/note.go:112.2,112.15 1 0
reminder/internal/models/note.go:107.29,108.28 1 0
reminder/internal/models/note.go:108.28,110.4 1 0
reminder/internal/models/note.go:116.36,133.2 5 0
reminder/internal/models/reminder_data.go:26.37,45.2 8 0
reminder/internal/models/reminder_data.go:50.49,52.24 2 0
reminder/internal/models/reminder_data.go:56.2,56.32 1 0
reminder/internal/models/reminder_data.go:52.24,55.3 2 0
reminder/internal/models/reminder_data.go:60.57,70.2 6 0
reminder/internal/models/reminder_data.go:73.79,83.2 6 0
reminder/internal/models/reminder_data.go:88.56,93.2 2 0
reminder/internal/models/reminder_data.go:96.69,99.33 3 1
reminder/internal/models/reminder_data.go:106.2,106.13 1 1
reminder/internal/models/reminder_data.go:99.33,100.32 1 2
reminder/internal/models/reminder_data.go:100.32,101.24 1 6
reminder/internal/models/reminder_data.go:101.24,103.5 1 2
reminder/internal/models/reminder_data.go:110.65,112.31 2 0
reminder/internal/models/reminder_data.go:117.2,117.12 1 0
reminder/internal/models/reminder_data.go:112.31,113.23 1 0
reminder/internal/models/reminder_data.go:113.23,115.4 1 0
reminder/internal/models/reminder_data.go:121.70,124.31 3 0
reminder/internal/models/reminder_data.go:129.2,129.16 1 0
reminder/internal/models/reminder_data.go:124.31,125.25 1 0
reminder/internal/models/reminder_data.go:125.25,127.4 1 0
reminder/internal/models/reminder_data.go:133.59,137.2 3 0
reminder/internal/models/reminder_data.go:140.85,143.33 3 0
reminder/internal/models/reminder_data.go:148.2,148.14 1 0
reminder/internal/models/reminder_data.go:143.33,144.44 1 0
reminder/internal/models/reminder_data.go:144.44,146.4 1 0
reminder/internal/models/reminder_data.go:152.55,153.33 1 0
reminder/internal/models/reminder_data.go:153.33,159.3 5 0
reminder/internal/models/reminder_data.go:159.8,161.3 1 0
reminder/internal/models/reminder_data.go:165.69,170.2 3 0
reminder/internal/models/reminder_data.go:173.64,176.42 1 0
reminder/internal/models/reminder_data.go:181.2,182.49 2 0
reminder/internal/models/reminder_data.go:187.2,187.18 1 0
reminder/internal/models/reminder_data.go:192.2,195.12 4 0
reminder/internal/models/reminder_data.go:176.42,179.3 2 0
reminder/internal/models/reminder_data.go:182.49,183.36 1 0
reminder/internal/models/reminder_data.go:183.36,185.4 1 0
reminder/internal/models/reminder_data.go:187.18,190.3 2 0
reminder/internal/models/reminder_data.go:199.67,201.43 1 0
reminder/internal/models/reminder_data.go:206.2,209.12 4 0
reminder/internal/models/reminder_data.go:201.43,204.3 2 0
reminder/internal/models/reminder_data.go:213.81,214.38 1 0
reminder/internal/models/reminder_data.go:214.38,217.3 2 0
reminder/internal/models/reminder_data.go:217.8,224.3 6 0
reminder/internal/models/reminder_data.go:228.79,231.36 3 0
reminder/internal/models/reminder_data.go:231.36,233.3 1 0
reminder/internal/models/reminder_data.go:233.8,233.34 1 0
reminder/internal/models/reminder_data.go:233.34,238.3 4 0
reminder/internal/models/reminder_data.go:238.8,240.3 1 0
reminder/internal/models/reminder_data.go:244.80,245.38 1 0
reminder/internal/models/reminder_data.go:245.38,248.3 2 0
reminder/internal/models/reminder_data.go:248.8,254.3 5 0
reminder/internal/models/reminder_data.go:258.87,259.38 1 0
reminder/internal/models/reminder_data.go:259.38,262.3 2 0
reminder/internal/models/reminder_data.go:262.8,270.3 7 0
reminder/internal/models/reminder_data.go:274.77,279.2 4 0
reminder/internal/models/reminder_data.go:283.66,290.24 5 0
reminder/internal/models/reminder_data.go:294.2,294.51 1 0
reminder/internal/models/reminder_data.go:303.2,303.58 1 0
reminder/internal/models/reminder_data.go:307.2,315.43 6 0
reminder/internal/models/reminder_data.go:320.2,320.14 1 0
reminder/internal/models/reminder_data.go:323.2,323.16 1 0
reminder/internal/models/reminder_data.go:290.24,292.3 1 0
reminder/internal/models/reminder_data.go:294.51,297.3 1 0
reminder/internal/models/reminder_data.go:297.8,301.3 2 0
reminder/internal/models/reminder_data.go:303.58,305.3 1 0
reminder/internal/models/reminder_data.go:315.43,316.25 1 0
reminder/internal/models/reminder_data.go:316.25,318.4 1 0
reminder/internal/models/reminder_data.go:320.14,322.3 1 0
reminder/internal/models/reminder_data.go:327.77,339.21 4 0
reminder/internal/models/reminder_data.go:388.2,388.15 1 0
reminder/internal/models/reminder_data.go:340.70,342.43 2 0
reminder/internal/models/reminder_data.go:343.72,344.21 1 0
reminder/internal/models/reminder_data.go:345.70,347.43 2 0
reminder/internal/models/reminder_data.go:348.75,350.43 2 0
reminder/internal/models/reminder_data.go:351.74,359.43 5 0
reminder/internal/models/reminder_data.go:360.69,368.43 5 0
reminder/internal/models/reminder_data.go:369.66,378.43 5 0
reminder/internal/models/reminder_data.go:379.65,381.23 2 0
reminder/internal/models/reminder_data.go:381.23,384.4 2 0
reminder/internal/models/reminder_data.go:384.9,386.4 1 0
reminder/internal/models/reminder_data.go:392.92,399.22 5 0
reminder/internal/models/reminder_data.go:403.2,403.30 1 0
reminder/internal/models/reminder_data.go:426.2,426.12 1 0
reminder/internal/models/reminder_data.go:399.22,401.3 1 0
reminder/internal/models/reminder_data.go:403.30,405.18 1 0
reminder/internal/models/reminder_data.go:405.18,408.18 3 0
reminder/internal/models/reminder_data.go:414.4,414.34 1 0
reminder/internal/models/reminder_data.go:408.18,413.5 4 0
reminder/internal/models/reminder_data.go:415.9,417.4 1 0
reminder/internal/models/reminder_data.go:418.8,422.23 3 0
reminder/internal/models/reminder_data.go:422.23,424.4 1 0
reminder/internal/models/tag.go:20.37,20.54 1 0
reminder/internal/models/tag.go:21.37,21.64 1 0
reminder/internal/models/tag.go:22.37,22.69 1 0
reminder/internal/models/tag.go:25.39,27.27 2 2
reminder/internal/models/tag.go:30.2,30.18 1 2
reminder/internal/models/tag.go:27.27,29.3 1 4
reminder/internal/models/tag.go:34.26,43.45 3 0
reminder/internal/models/tag.go:54.2,54.19 1 0
reminder/internal/models/tag.go:43.45,53.3 3 0
reminder/internal/models/tag.go:58.31,80.2 9 0
reminder/internal/models/user.go:12.32,14.2 1 1
